[2026-01-02 14:56:26] local.ERROR: Command "tinker" is not defined. {"exception":"[object] (Symfony\\Component\\Console\\Exception\\CommandNotFoundException(code: 0): Command \"tinker\" is not defined. at /Users/macbookpro/Desktop/Developments/Personnals/winpawa/winpawa_backend/vendor/symfony/console/Application.php:759)
[stacktrace]
#0 /Users/macbookpro/Desktop/Developments/Personnals/winpawa/winpawa_backend/vendor/symfony/console/Application.php(298): Symfony\\Component\\Console\\Application->find('tinker')
#1 /Users/macbookpro/Desktop/Developments/Personnals/winpawa/winpawa_backend/vendor/symfony/console/Application.php(195): Symfony\\Component\\Console\\Application->doRun(Object(Symfony\\Component\\Console\\Input\\ArgvInput), Object(Symfony\\Component\\Console\\Output\\ConsoleOutput))
#2 /Users/macbookpro/Desktop/Developments/Personnals/winpawa/winpawa_backend/vendor/laravel/framework/src/Illuminate/Foundation/Console/Kernel.php(198): Symfony\\Component\\Console\\Application->run(Object(Symfony\\Component\\Console\\Input\\ArgvInput), Object(Symfony\\Component\\Console\\Output\\ConsoleOutput))
#3 /Users/macbookpro/Desktop/Developments/Personnals/winpawa/winpawa_backend/artisan(35): Illuminate\\Foundation\\Console\\Kernel->handle(Object(Symfony\\Component\\Console\\Input\\ArgvInput), Object(Symfony\\Component\\Console\\Output\\ConsoleOutput))
#4 {main}
"} 
[2026-01-02 15:47:11] local.INFO: 💰 Wallet AVANT: {"main":"944100.00","bonus":"0.00","total":944100.0} 
[2026-01-02 15:47:11] local.INFO: 💸 Après DÉBIT: {"amount":100,"total":944000.0} 
[2026-01-02 15:47:11] local.INFO: 🎲 Résultat RNG: {"result":"4","is_winner":true,"multiplier":20.0,"payout":2000.0} 
[2026-01-02 15:47:11] local.INFO: ✅ Après CRÉDIT: {"payout":2000.0,"total":946000.0} 
[2026-01-02 15:47:27] local.INFO: 💰 Wallet AVANT: {"main":"946000.00","bonus":"0.00","total":946000.0} 
[2026-01-02 15:47:27] local.INFO: 💸 Après DÉBIT: {"amount":100,"total":945900.0} 
[2026-01-02 15:47:27] local.INFO: 🎲 Résultat RNG: {"result":"4","is_winner":false,"multiplier":0,"payout":0} 
[2026-01-02 15:47:27] local.INFO: ❌ PERTE - Pas de crédit  
[2026-01-02 15:51:09] local.INFO: 💰 Wallet AVANT: {"main":"945900.00","bonus":"0.00","total":945900.0} 
[2026-01-02 15:51:09] local.INFO: 💸 Après DÉBIT: {"amount":100,"total":945800.0} 
[2026-01-02 15:51:09] local.INFO: 🎲 Résultat RNG: {"result":"3","is_winner":false,"multiplier":0,"payout":0} 
[2026-01-02 15:51:09] local.INFO: ❌ PERTE - Pas de crédit  
[2026-01-02 15:51:39] local.INFO: 💰 Wallet AVANT: {"main":"945800.00","bonus":"0.00","total":945800.0} 
[2026-01-02 15:51:39] local.INFO: 💸 Après DÉBIT: {"amount":100,"total":945700.0} 
[2026-01-02 15:51:39] local.INFO: 🎲 Résultat RNG: {"result":"6","is_winner":true,"multiplier":10.0,"payout":1000.0} 
[2026-01-02 15:51:39] local.INFO: ✅ Après CRÉDIT: {"payout":1000.0,"total":946700.0} 
[2026-01-02 15:51:58] local.INFO: 💰 Wallet AVANT: {"main":"946700.00","bonus":"0.00","total":946700.0} 
[2026-01-02 15:51:58] local.INFO: 💸 Après DÉBIT: {"amount":100,"total":946600.0} 
[2026-01-02 15:51:58] local.INFO: 🎲 Résultat RNG: {"result":"6","is_winner":true,"multiplier":2.0,"payout":200.0} 
[2026-01-02 15:51:58] local.INFO: ✅ Après CRÉDIT: {"payout":200.0,"total":946800.0} 
[2026-01-02 15:52:13] local.INFO: 💰 Wallet AVANT: {"main":"946800.00","bonus":"0.00","total":946800.0} 
[2026-01-02 15:52:13] local.INFO: 💸 Après DÉBIT: {"amount":100,"total":946700.0} 
[2026-01-02 15:52:13] local.INFO: 🎲 Résultat RNG: {"result":"2","is_winner":true,"multiplier":10.0,"payout":1000.0} 
[2026-01-02 15:52:13] local.INFO: ✅ Après CRÉDIT: {"payout":1000.0,"total":947700.0} 
[2026-01-02 15:56:59] local.INFO: 💰 Wallet AVANT: {"main":"947700.00","bonus":"0.00","total":947700.0} 
[2026-01-02 15:56:59] local.INFO: 💸 Après DÉBIT: {"amount":100,"total":947600.0} 
[2026-01-02 15:56:59] local.INFO: 🎲 Résultat RNG: {"result":"6","is_winner":true,"multiplier":10.0,"payout":1000.0} 
[2026-01-02 15:56:59] local.INFO: ✅ Après CRÉDIT: {"payout":1000.0,"total":948600.0} 
[2026-01-02 16:01:04] local.INFO: 💰 Wallet AVANT: {"main":"948600.00","bonus":"0.00","total":948600.0} 
[2026-01-02 16:01:04] local.INFO: 💸 Après DÉBIT: {"amount":100,"total":948500.0} 
[2026-01-02 16:01:04] local.INFO: 🎲 Résultat RNG: {"result":"5","is_winner":false,"multiplier":0,"payout":0} 
[2026-01-02 16:01:04] local.INFO: ❌ PERTE - Pas de crédit  
[2026-01-02 16:01:13] local.INFO: 💰 Wallet AVANT: {"main":"948500.00","bonus":"0.00","total":948500.0} 
[2026-01-02 16:01:13] local.INFO: 💸 Après DÉBIT: {"amount":100,"total":948400.0} 
[2026-01-02 16:01:13] local.INFO: 🎲 Résultat RNG: {"result":"8","is_winner":false,"multiplier":0,"payout":0} 
[2026-01-02 16:01:13] local.INFO: ❌ PERTE - Pas de crédit  
[2026-01-02 16:01:21] local.INFO: 💰 Wallet AVANT: {"main":"948400.00","bonus":"0.00","total":948400.0} 
[2026-01-02 16:01:21] local.INFO: 💸 Après DÉBIT: {"amount":100,"total":948300.0} 
[2026-01-02 16:01:21] local.INFO: 🎲 Résultat RNG: {"result":"8","is_winner":false,"multiplier":0,"payout":0} 
[2026-01-02 16:01:21] local.INFO: ❌ PERTE - Pas de crédit  
[2026-01-02 16:01:30] local.INFO: 💰 Wallet AVANT: {"main":"948300.00","bonus":"0.00","total":948300.0} 
[2026-01-02 16:01:30] local.INFO: 💸 Après DÉBIT: {"amount":100,"total":948200.0} 
[2026-01-02 16:01:30] local.INFO: 🎲 Résultat RNG: {"result":"5","is_winner":true,"multiplier":2.0,"payout":200.0} 
[2026-01-02 16:01:30] local.INFO: ✅ Après CRÉDIT: {"payout":200.0,"total":948400.0} 
[2026-01-02 16:01:46] local.INFO: 💰 Wallet AVANT: {"main":"948400.00","bonus":"0.00","total":948400.0} 
[2026-01-02 16:01:46] local.INFO: 💸 Après DÉBIT: {"amount":100,"total":948300.0} 
[2026-01-02 16:01:46] local.INFO: 🎲 Résultat RNG: {"result":"4","is_winner":true,"multiplier":20.0,"payout":2000.0} 
[2026-01-02 16:01:46] local.INFO: ✅ Après CRÉDIT: {"payout":2000.0,"total":950300.0} 
[2026-01-02 16:11:57] local.INFO: 💰 Wallet AVANT: {"main":"950300.00","bonus":"0.00","total":950300.0} 
[2026-01-02 16:11:57] local.INFO: 💸 Après DÉBIT: {"amount":100,"total":950200.0} 
[2026-01-02 16:11:57] local.INFO: 🎲 Résultat RNG: {"result":"3","is_winner":false,"multiplier":0,"payout":0} 
[2026-01-02 16:11:57] local.INFO: ❌ PERTE - Pas de crédit  
[2026-01-02 16:12:06] local.INFO: 💰 Wallet AVANT: {"main":"950200.00","bonus":"0.00","total":950200.0} 
[2026-01-02 16:12:06] local.INFO: 💸 Après DÉBIT: {"amount":100,"total":950100.0} 
[2026-01-02 16:12:06] local.INFO: 🎲 Résultat RNG: {"result":"7","is_winner":true,"multiplier":20.0,"payout":2100.0} 
[2026-01-02 16:12:06] local.INFO: ✅ Après CRÉDIT: {"payout":2100.0,"total":952200.0} 
[2026-01-02 16:13:18] local.INFO: 💰 Wallet AVANT: {"main":"952200.00","bonus":"0.00","total":952200.0} 
[2026-01-02 16:13:18] local.INFO: 💸 Après DÉBIT: {"amount":5000,"total":947200.0} 
[2026-01-02 16:13:18] local.INFO: 🎲 Résultat RNG: {"result":"5","is_winner":true,"multiplier":5.0,"payout":30000.0} 
[2026-01-02 16:13:18] local.INFO: ✅ Après CRÉDIT: {"payout":30000.0,"total":977200.0} 
[2026-01-02 16:13:28] local.INFO: 💰 Wallet AVANT: {"main":"977200.00","bonus":"0.00","total":977200.0} 
[2026-01-02 16:13:28] local.INFO: 💸 Après DÉBIT: {"amount":5000,"total":972200.0} 
[2026-01-02 16:13:28] local.INFO: 🎲 Résultat RNG: {"result":"7","is_winner":false,"multiplier":0,"payout":0} 
[2026-01-02 16:13:28] local.INFO: ❌ PERTE - Pas de crédit  
[2026-01-02 16:13:38] local.INFO: 💰 Wallet AVANT: {"main":"972200.00","bonus":"0.00","total":972200.0} 
[2026-01-02 16:13:38] local.INFO: 💸 Après DÉBIT: {"amount":5000,"total":967200.0} 
[2026-01-02 16:13:38] local.INFO: 🎲 Résultat RNG: {"result":"3","is_winner":true,"multiplier":10.0,"payout":55000.0} 
[2026-01-02 16:13:38] local.INFO: ✅ Après CRÉDIT: {"payout":55000.0,"total":1022200.0} 
[2026-01-02 16:45:06] local.INFO: 💰 Wallet AVANT: {"main":"1022200.00","bonus":"0.00","total":1022200.0} 
[2026-01-02 16:45:06] local.INFO: 💸 Après DÉBIT: {"amount":100,"total":1022100.0} 
[2026-01-02 16:45:06] local.INFO: 🎲 Résultat RNG: {"result":"2","is_winner":false,"multiplier":0,"payout":0} 
[2026-01-02 16:45:06] local.INFO: ❌ PERTE - Pas de crédit  
[2026-01-02 16:45:28] local.INFO: 💰 Wallet AVANT: {"main":"1022100.00","bonus":"0.00","total":1022100.0} 
[2026-01-02 16:45:28] local.INFO: 💸 Après DÉBIT: {"amount":100,"total":1022000.0} 
[2026-01-02 16:45:28] local.INFO: 🎲 Résultat RNG: {"result":"1","is_winner":false,"multiplier":0,"payout":0} 
[2026-01-02 16:45:28] local.INFO: ❌ PERTE - Pas de crédit  
[2026-01-02 16:45:39] local.INFO: 💰 Wallet AVANT: {"main":"1022000.00","bonus":"0.00","total":1022000.0} 
[2026-01-02 16:45:39] local.INFO: 💸 Après DÉBIT: {"amount":100,"total":1021900.0} 
[2026-01-02 16:45:39] local.INFO: 🎲 Résultat RNG: {"result":"3","is_winner":false,"multiplier":0,"payout":0} 
[2026-01-02 16:45:39] local.INFO: ❌ PERTE - Pas de crédit  
[2026-01-02 16:46:07] local.INFO: 💰 Wallet AVANT: {"main":"1021900.00","bonus":"0.00","total":1021900.0} 
[2026-01-02 16:46:07] local.INFO: 💸 Après DÉBIT: {"amount":100,"total":1021800.0} 
[2026-01-02 16:46:07] local.INFO: 🎲 Résultat RNG: {"result":"3","is_winner":true,"multiplier":10.0,"payout":1100.0} 
[2026-01-02 16:46:07] local.INFO: ✅ Après CRÉDIT: {"payout":1100.0,"total":1022900.0} 
[2026-01-02 16:46:15] local.INFO: 💰 Wallet AVANT: {"main":"1022900.00","bonus":"0.00","total":1022900.0} 
[2026-01-02 16:46:15] local.INFO: 💸 Après DÉBIT: {"amount":100,"total":1022800.0} 
[2026-01-02 16:46:15] local.INFO: 🎲 Résultat RNG: {"result":"3","is_winner":true,"multiplier":10.0,"payout":1100.0} 
[2026-01-02 16:46:15] local.INFO: ✅ Après CRÉDIT: {"payout":1100.0,"total":1023900.0} 
[2026-01-02 16:46:24] local.INFO: 💰 Wallet AVANT: {"main":"1023900.00","bonus":"0.00","total":1023900.0} 
[2026-01-02 16:46:24] local.INFO: 💸 Après DÉBIT: {"amount":100,"total":1023800.0} 
[2026-01-02 16:46:24] local.INFO: 🎲 Résultat RNG: {"result":"2","is_winner":true,"multiplier":5.0,"payout":600.0} 
[2026-01-02 16:46:24] local.INFO: ✅ Après CRÉDIT: {"payout":600.0,"total":1024400.0} 
[2026-01-02 16:51:18] local.INFO: 💰 Wallet AVANT: {"main":"1024400.00","bonus":"0.00","total":1024400.0} 
[2026-01-02 16:51:18] local.INFO: 💸 Après DÉBIT: {"amount":100,"total":1024300.0} 
[2026-01-02 16:51:18] local.INFO: 🎲 Résultat RNG: {"result":"2","is_winner":true,"multiplier":5.0,"payout":600.0} 
[2026-01-02 16:51:18] local.INFO: ✅ Après CRÉDIT: {"payout":600.0,"total":1024900.0} 
[2026-01-02 17:31:38] local.INFO: 💰 Wallet AVANT: {"main":"1024900.00","bonus":"0.00","total":1024900.0} 
[2026-01-02 17:31:38] local.INFO: 💸 Après DÉBIT: {"amount":5000,"total":1019900.0} 
[2026-01-02 17:31:38] local.INFO: 🎲 Résultat RNG: {"result":"star,club,heart,heart,spade,heart,diamond,diamond,star","is_winner":true,"multiplier":2.0,"payout":15000.0} 
[2026-01-02 17:31:38] local.INFO: ✅ Après CRÉDIT: {"payout":15000.0,"total":1034900.0} 
[2026-01-02 17:31:52] local.INFO: 💰 Wallet AVANT: {"main":"1034900.00","bonus":"0.00","total":1034900.0} 
[2026-01-02 17:31:52] local.INFO: 💸 Après DÉBIT: {"amount":5000,"total":1029900.0} 
[2026-01-02 17:31:52] local.INFO: 🎲 Résultat RNG: {"result":"heart,diamond,diamond,diamond,heart,diamond,spade,club,club","is_winner":false,"multiplier":0,"payout":0} 
[2026-01-02 17:31:52] local.INFO: ❌ PERTE - Pas de crédit  
[2026-01-02 17:32:09] local.INFO: 💰 Wallet AVANT: {"main":"1029900.00","bonus":"0.00","total":1029900.0} 
[2026-01-02 17:32:09] local.INFO: 💸 Après DÉBIT: {"amount":1000,"total":1028900.0} 
[2026-01-02 17:32:09] local.INFO: 🎲 Résultat RNG: {"result":"star,spade,spade,club,diamond,club,heart,spade,star","is_winner":true,"multiplier":2.0,"payout":3000.0} 
[2026-01-02 17:32:09] local.INFO: ✅ Après CRÉDIT: {"payout":3000.0,"total":1031900.0} 
[2026-01-03 23:19:17] local.INFO: 💰 Wallet AVANT: {"main":"1031900.00","bonus":"0.00","total":1031900.0} 
[2026-01-03 23:19:17] local.INFO: 💸 Après DÉBIT: {"amount":100,"total":1031800.0} 
[2026-01-03 23:19:17] local.INFO: 🎲 Résultat RNG: {"result":"star,heart,star,diamond,spade,club,star,heart,club","is_winner":true,"multiplier":2.0,"payout":300.0} 
[2026-01-03 23:19:17] local.INFO: ✅ Après CRÉDIT: {"payout":300.0,"total":1032100.0} 
[2026-01-03 23:19:40] local.INFO: 💰 Wallet AVANT: {"main":"1032100.00","bonus":"0.00","total":1032100.0} 
[2026-01-03 23:19:40] local.INFO: 💸 Après DÉBIT: {"amount":500,"total":1031600.0} 
[2026-01-03 23:19:40] local.INFO: 🎲 Résultat RNG: {"result":"heart,diamond,spade,star,heart,heart,heart,star,diamond","is_winner":true,"multiplier":3.0,"payout":2000.0} 
[2026-01-03 23:19:40] local.INFO: ✅ Après CRÉDIT: {"payout":2000.0,"total":1033600.0} 
[2026-01-03 23:30:43] local.INFO: 💰 Wallet AVANT: {"main":"1033600.00","bonus":"0.00","total":1033600.0} 
[2026-01-03 23:30:43] local.INFO: 💸 Après DÉBIT: {"amount":100,"total":1033500.0} 
[2026-01-03 23:30:43] local.INFO: 🎲 Résultat RNG: {"result":"star,diamond,diamond,heart,club,club,star,heart,spade","is_winner":false,"multiplier":0,"payout":0} 
[2026-01-03 23:30:43] local.INFO: ❌ PERTE - Pas de crédit  
[2026-01-03 23:35:33] local.INFO: 💰 Wallet AVANT: {"main":"1033500.00","bonus":"0.00","total":1033500.0} 
[2026-01-03 23:35:33] local.INFO: 💸 Après DÉBIT: {"amount":500,"total":1033000.0} 
[2026-01-03 23:35:33] local.INFO: 🎲 Résultat RNG: {"result":"heart,diamond,spade,star,heart,diamond,star,club,club","is_winner":false,"multiplier":0,"payout":0} 
[2026-01-03 23:35:33] local.INFO: ❌ PERTE - Pas de crédit  
[2026-01-03 23:38:42] local.INFO: 💰 Wallet AVANT: {"main":"1033000.00","bonus":"0.00","total":1033000.0} 
[2026-01-03 23:38:42] local.INFO: 💸 Après DÉBIT: {"amount":100,"total":1032900.0} 
[2026-01-03 23:38:42] local.INFO: 🎲 Résultat RNG: {"result":"spade,club,heart,star,club,club,diamond,club,diamond","is_winner":true,"multiplier":3.0,"payout":400.0} 
[2026-01-03 23:38:42] local.INFO: ✅ Après CRÉDIT: {"payout":400.0,"total":1033300.0} 
[2026-01-03 23:41:09] local.INFO: 💰 Wallet AVANT: {"main":"1033300.00","bonus":"0.00","total":1033300.0} 
[2026-01-03 23:41:09] local.INFO: 💸 Après DÉBIT: {"amount":500,"total":1032800.0} 
[2026-01-03 23:41:09] local.INFO: 🎲 Résultat RNG: {"result":"star,club,spade,club,club,club,club,heart,spade","is_winner":true,"multiplier":5.0,"payout":3000.0} 
[2026-01-03 23:41:09] local.INFO: ✅ Après CRÉDIT: {"payout":3000.0,"total":1035800.0} 
[2026-01-03 23:44:11] local.INFO: 💰 Wallet AVANT: {"main":"1035800.00","bonus":"0.00","total":1035800.0} 
[2026-01-03 23:44:11] local.INFO: 💸 Après DÉBIT: {"amount":100,"total":1035700.0} 
[2026-01-03 23:44:11] local.INFO: 🎲 Résultat RNG: {"result":"diamond,star,diamond,star,club,heart,club,spade,heart","is_winner":false,"multiplier":0,"payout":0} 
[2026-01-03 23:44:11] local.INFO: ❌ PERTE - Pas de crédit  
[2026-01-03 23:44:24] local.INFO: 💰 Wallet AVANT: {"main":"1035700.00","bonus":"0.00","total":1035700.0} 
[2026-01-03 23:44:24] local.INFO: 💸 Après DÉBIT: {"amount":100,"total":1035600.0} 
[2026-01-03 23:44:24] local.INFO: 🎲 Résultat RNG: {"result":"club,spade,heart,club,club,club,club,spade,club","is_winner":true,"multiplier":10.0,"payout":1100.0} 
[2026-01-03 23:44:24] local.INFO: ✅ Après CRÉDIT: {"payout":1100.0,"total":1036700.0} 
[2026-01-03 23:44:38] local.INFO: 💰 Wallet AVANT: {"main":"1036700.00","bonus":"0.00","total":1036700.0} 
[2026-01-03 23:44:38] local.INFO: 💸 Après DÉBIT: {"amount":1000,"total":1035700.0} 
[2026-01-03 23:44:38] local.INFO: 🎲 Résultat RNG: {"result":"spade,club,heart,diamond,diamond,club,star,heart,star","is_winner":false,"multiplier":0,"payout":0} 
[2026-01-03 23:44:38] local.INFO: ❌ PERTE - Pas de crédit  
[2026-01-03 23:50:30] local.INFO: 💰 Wallet AVANT: {"main":"1035700.00","bonus":"0.00","total":1035700.0} 
[2026-01-03 23:50:30] local.INFO: 💸 Après DÉBIT: {"amount":500,"total":1035200.0} 
[2026-01-03 23:50:30] local.INFO: 🎲 Résultat RNG: {"result":"star,diamond,heart,star,club,diamond,heart,spade,club","is_winner":false,"multiplier":0,"payout":0} 
[2026-01-03 23:50:30] local.INFO: ❌ PERTE - Pas de crédit  
[2026-01-03 23:50:54] local.INFO: 💰 Wallet AVANT: {"main":"1035200.00","bonus":"0.00","total":1035200.0} 
[2026-01-03 23:50:54] local.INFO: 💸 Après DÉBIT: {"amount":500,"total":1034700.0} 
[2026-01-03 23:50:54] local.INFO: 🎲 Résultat RNG: {"result":"diamond,spade,heart,heart,star,star,club,club,diamond","is_winner":false,"multiplier":0,"payout":0} 
[2026-01-03 23:50:54] local.INFO: ❌ PERTE - Pas de crédit  
[2026-01-03 23:51:06] local.INFO: 💰 Wallet AVANT: {"main":"1034700.00","bonus":"0.00","total":1034700.0} 
[2026-01-03 23:51:06] local.INFO: 💸 Après DÉBIT: {"amount":5000,"total":1029700.0} 
[2026-01-03 23:51:06] local.INFO: 🎲 Résultat RNG: {"result":"star,spade,spade,heart,spade,spade,diamond,spade,spade","is_winner":true,"multiplier":10.0,"payout":55000.0} 
[2026-01-03 23:51:06] local.INFO: ✅ Après CRÉDIT: {"payout":55000.0,"total":1084700.0} 
[2026-01-03 23:51:50] local.INFO: 💰 Wallet AVANT: {"main":"1084700.00","bonus":"0.00","total":1084700.0} 
[2026-01-03 23:51:50] local.INFO: 💸 Après DÉBIT: {"amount":5000,"total":1079700.0} 
[2026-01-03 23:51:50] local.INFO: 🎲 Résultat RNG: {"result":"club,heart,star,star,diamond,heart,club,diamond,spade","is_winner":false,"multiplier":0,"payout":0} 
[2026-01-03 23:51:50] local.INFO: ❌ PERTE - Pas de crédit  
[2026-01-03 23:57:53] local.INFO: 💰 Wallet AVANT: {"main":"1079700.00","bonus":"0.00","total":1079700.0} 
[2026-01-03 23:57:53] local.INFO: 💸 Après DÉBIT: {"amount":1000,"total":1078700.0} 
[2026-01-03 23:57:53] local.INFO: 🎲 Résultat RNG: {"result":"spade,spade,spade,club,club,heart,heart,heart,diamond","is_winner":true,"multiplier":2.0,"payout":3000.0} 
[2026-01-03 23:57:53] local.INFO: ✅ Après CRÉDIT: {"payout":3000.0,"total":1081700.0} 
[2026-01-03 23:58:22] local.INFO: 💰 Wallet AVANT: {"main":"1081700.00","bonus":"0.00","total":1081700.0} 
[2026-01-03 23:58:22] local.INFO: 💸 Après DÉBIT: {"amount":1000,"total":1080700.0} 
[2026-01-03 23:58:22] local.INFO: 🎲 Résultat RNG: {"result":"diamond,spade,spade,heart,spade,heart,spade,star,diamond","is_winner":true,"multiplier":3.0,"payout":4000.0} 
[2026-01-03 23:58:22] local.INFO: ✅ Après CRÉDIT: {"payout":4000.0,"total":1084700.0} 
[2026-01-03 23:58:47] local.INFO: 💰 Wallet AVANT: {"main":"1084700.00","bonus":"0.00","total":1084700.0} 
[2026-01-03 23:58:47] local.INFO: 💸 Après DÉBIT: {"amount":1000,"total":1083700.0} 
[2026-01-03 23:58:47] local.INFO: 🎲 Résultat RNG: {"result":"star,star,heart,star,club,star,star,spade,diamond","is_winner":true,"multiplier":5.0,"payout":6000.0} 
[2026-01-03 23:58:47] local.INFO: ✅ Après CRÉDIT: {"payout":6000.0,"total":1089700.0} 
[2026-01-04 00:00:35] local.INFO: 💰 Wallet AVANT: {"main":"1089700.00","bonus":"0.00","total":1089700.0} 
[2026-01-04 00:00:35] local.INFO: 💸 Après DÉBIT: {"amount":100,"total":1089600.0} 
[2026-01-04 00:00:35] local.INFO: 🎲 Résultat RNG: {"result":"heart,heart,heart,heart,heart,heart,heart,heart,heart","is_winner":true,"multiplier":10.0,"payout":1100.0} 
[2026-01-04 00:00:35] local.INFO: ✅ Après CRÉDIT: {"payout":1100.0,"total":1090700.0} 
[2026-01-04 00:01:04] local.INFO: 💰 Wallet AVANT: {"main":"1090700.00","bonus":"0.00","total":1090700.0} 
[2026-01-04 00:01:04] local.INFO: 💸 Après DÉBIT: {"amount":100,"total":1090600.0} 
[2026-01-04 00:01:04] local.INFO: 🎲 Résultat RNG: {"result":"heart,club,heart,club,club,star,heart,club,club","is_winner":true,"multiplier":5.0,"payout":600.0} 
[2026-01-04 00:01:04] local.INFO: ✅ Après CRÉDIT: {"payout":600.0,"total":1091200.0} 
[2026-01-04 00:01:59] local.INFO: 💰 Wallet AVANT: {"main":"1091200.00","bonus":"0.00","total":1091200.0} 
[2026-01-04 00:01:59] local.INFO: 💸 Après DÉBIT: {"amount":100,"total":1091100.0} 
[2026-01-04 00:01:59] local.INFO: 🎲 Résultat RNG: {"result":"heart,star,spade,spade,spade,star,star,club,spade","is_winner":true,"multiplier":3.0,"payout":400.0} 
[2026-01-04 00:01:59] local.INFO: ✅ Après CRÉDIT: {"payout":400.0,"total":1091500.0} 
[2026-01-04 06:27:09] local.INFO: 💰 Wallet AVANT: {"main":"1091500.00","bonus":"0.00","total":1091500.0} 
[2026-01-04 06:27:09] local.INFO: 💸 Après DÉBIT: {"amount":5000,"total":1086500.0} 
[2026-01-04 06:27:09] local.INFO: 🎲 Résultat RNG: {"result":"star,star,star,heart,star,star,star,star,heart","is_winner":true,"multiplier":10.0,"payout":55000.0} 
[2026-01-04 06:27:09] local.INFO: ✅ Après CRÉDIT: {"payout":55000.0,"total":1141500.0} 
[2026-01-04 06:30:33] local.INFO: 💰 Wallet AVANT: {"main":"1141500.00","bonus":"0.00","total":1141500.0} 
[2026-01-04 06:30:33] local.INFO: 💸 Après DÉBIT: {"amount":5000,"total":1136500.0} 
[2026-01-04 06:30:33] local.INFO: 🎲 Résultat RNG: {"result":"star,star,club,club,diamond,spade,heart,diamond,heart","is_winner":false,"multiplier":0,"payout":0} 
[2026-01-04 06:30:33] local.INFO: ❌ PERTE - Pas de crédit  
[2026-01-04 06:32:01] local.INFO: 💰 Wallet AVANT: {"main":"1136500.00","bonus":"0.00","total":1136500.0} 
[2026-01-04 06:32:01] local.INFO: 💸 Après DÉBIT: {"amount":100000,"total":1036500.0} 
[2026-01-04 06:32:01] local.INFO: 🎲 Résultat RNG: {"result":"club,heart,spade,star,star,heart,diamond,diamond,club","is_winner":false,"multiplier":0,"payout":0} 
[2026-01-04 06:32:01] local.INFO: ❌ PERTE - Pas de crédit  
[2026-01-04 06:32:15] local.INFO: 💰 Wallet AVANT: {"main":"1036500.00","bonus":"0.00","total":1036500.0} 
[2026-01-04 06:32:15] local.INFO: 💸 Après DÉBIT: {"amount":100000,"total":936500.0} 
[2026-01-04 06:32:15] local.INFO: 🎲 Résultat RNG: {"result":"star,heart,club,diamond,spade,star,club,diamond,heart","is_winner":false,"multiplier":0,"payout":0} 
[2026-01-04 06:32:15] local.INFO: ❌ PERTE - Pas de crédit  
[2026-01-04 06:32:23] local.INFO: 💰 Wallet AVANT: {"main":"936500.00","bonus":"0.00","total":936500.0} 
[2026-01-04 06:32:23] local.INFO: 💸 Après DÉBIT: {"amount":100000,"total":836500.0} 
[2026-01-04 06:32:23] local.INFO: 🎲 Résultat RNG: {"result":"spade,diamond,heart,diamond,diamond,star,star,diamond,spade","is_winner":true,"multiplier":3.0,"payout":400000.0} 
[2026-01-04 06:32:23] local.INFO: ✅ Après CRÉDIT: {"payout":400000.0,"total":1236500.0} 
[2026-01-04 06:39:05] local.INFO: 💰 Wallet AVANT: {"main":"1236500.00","bonus":"0.00","total":1236500.0} 
[2026-01-04 06:39:05] local.INFO: 💸 Après DÉBIT: {"amount":10000,"total":1226500.0} 
[2026-01-04 06:39:05] local.INFO: 🎲 Résultat RNG: {"result":"club,diamond,star,heart,spade,star,heart,diamond,club","is_winner":false,"multiplier":0,"payout":0} 
[2026-01-04 06:39:05] local.INFO: ❌ PERTE - Pas de crédit  
[2026-01-04 06:39:20] local.INFO: 💰 Wallet AVANT: {"main":"1226500.00","bonus":"0.00","total":1226500.0} 
[2026-01-04 06:39:20] local.INFO: 💸 Après DÉBIT: {"amount":10000,"total":1216500.0} 
[2026-01-04 06:39:20] local.INFO: 🎲 Résultat RNG: {"result":"heart,heart,heart,diamond,heart,heart,heart,heart,heart","is_winner":true,"multiplier":10.0,"payout":110000.0} 
[2026-01-04 06:39:20] local.INFO: ✅ Après CRÉDIT: {"payout":110000.0,"total":1326500.0} 
[2026-01-04 06:39:32] local.INFO: 💰 Wallet AVANT: {"main":"1326500.00","bonus":"0.00","total":1326500.0} 
[2026-01-04 06:39:32] local.INFO: 💸 Après DÉBIT: {"amount":10000,"total":1316500.0} 
[2026-01-04 06:39:32] local.INFO: 🎲 Résultat RNG: {"result":"heart,heart,heart,diamond,heart,heart,spade,heart,heart","is_winner":true,"multiplier":10.0,"payout":110000.0} 
[2026-01-04 06:39:32] local.INFO: ✅ Après CRÉDIT: {"payout":110000.0,"total":1426500.0} 
[2026-01-04 06:39:39] local.INFO: 💰 Wallet AVANT: {"main":"1426500.00","bonus":"0.00","total":1426500.0} 
[2026-01-04 06:39:39] local.INFO: 💸 Après DÉBIT: {"amount":10000,"total":1416500.0} 
[2026-01-04 06:39:39] local.INFO: 🎲 Résultat RNG: {"result":"star,heart,club,star,star,star,club,club,club","is_winner":true,"multiplier":3.0,"payout":40000.0} 
[2026-01-04 06:39:39] local.INFO: ✅ Après CRÉDIT: {"payout":40000.0,"total":1456500.0} 
[2026-01-04 06:39:47] local.INFO: 💰 Wallet AVANT: {"main":"1456500.00","bonus":"0.00","total":1456500.0} 
[2026-01-04 06:39:47] local.INFO: 💸 Après DÉBIT: {"amount":10000,"total":1446500.0} 
[2026-01-04 06:39:47] local.INFO: 🎲 Résultat RNG: {"result":"heart,club,heart,heart,heart,diamond,diamond,spade,diamond","is_winner":true,"multiplier":3.0,"payout":40000.0} 
[2026-01-04 06:39:47] local.INFO: ✅ Après CRÉDIT: {"payout":40000.0,"total":1486500.0} 
[2026-01-04 06:39:54] local.INFO: 💰 Wallet AVANT: {"main":"1486500.00","bonus":"0.00","total":1486500.0} 
[2026-01-04 06:39:54] local.INFO: 💸 Après DÉBIT: {"amount":10000,"total":1476500.0} 
[2026-01-04 06:39:54] local.INFO: 🎲 Résultat RNG: {"result":"star,diamond,diamond,club,heart,heart,club,star,spade","is_winner":false,"multiplier":0,"payout":0} 
[2026-01-04 06:39:54] local.INFO: ❌ PERTE - Pas de crédit  
[2026-01-04 06:39:59] local.INFO: 💰 Wallet AVANT: {"main":"1476500.00","bonus":"0.00","total":1476500.0} 
[2026-01-04 06:39:59] local.INFO: 💸 Après DÉBIT: {"amount":10000,"total":1466500.0} 
[2026-01-04 06:39:59] local.INFO: 🎲 Résultat RNG: {"result":"heart,star,diamond,club,diamond,club,heart,spade,star","is_winner":false,"multiplier":0,"payout":0} 
[2026-01-04 06:39:59] local.INFO: ❌ PERTE - Pas de crédit  
[2026-01-04 06:43:44] local.INFO: 💰 Wallet AVANT: {"main":"1466500.00","bonus":"0.00","total":1466500.0} 
[2026-01-04 06:43:44] local.INFO: 💸 Après DÉBIT: {"amount":5000,"total":1461500.0} 
[2026-01-04 06:43:44] local.INFO: 🎲 Résultat RNG: {"result":"1","is_winner":true,"multiplier":2.0,"payout":15000.0} 
[2026-01-04 06:43:44] local.INFO: ✅ Après CRÉDIT: {"payout":15000.0,"total":1476500.0} 
[2026-01-04 06:43:56] local.INFO: 💰 Wallet AVANT: {"main":"1476500.00","bonus":"0.00","total":1476500.0} 
[2026-01-04 06:43:56] local.INFO: 💸 Après DÉBIT: {"amount":5000,"total":1471500.0} 
[2026-01-04 06:43:56] local.INFO: 🎲 Résultat RNG: {"result":"1","is_winner":false,"multiplier":0,"payout":0} 
[2026-01-04 06:43:56] local.INFO: ❌ PERTE - Pas de crédit  
